28/10/2019 03:36:14 p. m.: Config.cfg file not found or have wrong format
28/10/2019 03:36:15 p. m.: CityToCountry.csv file is missing in lang directory
28/10/2019 03:36:15 p. m.: Loading file into memory
28/10/2019 03:36:15 p. m.: Could not read: C:\Users\José Carlos\Documents\Euro Truck Simulator 2\profiles\4A6F7365\save\1\info.sii
28/10/2019 03:36:15 p. m.: Wrongly decoded Info file or wrong file format
28/10/2019 03:36:15 p. m.: Loading file into memory
28/10/2019 03:36:15 p. m.: Could not read: C:\Users\José Carlos\Documents\Euro Truck Simulator 2\profiles\4A6F7365\save\2\info.sii
28/10/2019 03:36:15 p. m.: Wrongly decoded Info file or wrong file format
28/10/2019 03:42:04 p. m.: Loading file into memory
28/10/2019 03:42:04 p. m.: Decoding file
28/10/2019 03:42:04 p. m.: Loading file into memory
28/10/2019 03:42:04 p. m.: Decoding file
28/10/2019 03:42:04 p. m.: companies_translate.txt file is missing
28/10/2019 03:42:08 p. m.: Loading file into memory
28/10/2019 03:42:08 p. m.: Decoding file
28/10/2019 03:42:08 p. m.: Loading file into memory
28/10/2019 03:42:08 p. m.: Decoding file
28/10/2019 03:43:09 p. m.: Loading file into memory
28/10/2019 03:43:09 p. m.: Decoding file
28/10/2019 03:43:09 p. m.: Loading file into memory
28/10/2019 03:43:09 p. m.: Decoding file
28/10/2019 03:43:10 p. m.: companies_translate.txt file is missing
28/10/2019 03:43:13 p. m.: Loading file into memory
28/10/2019 03:43:13 p. m.: Decoding file
28/10/2019 03:43:13 p. m.: Loading file into memory
28/10/2019 03:43:13 p. m.: Decoding file
28/10/2019 03:44:54 p. m.: Loading file into memory
28/10/2019 03:44:54 p. m.: Decoding file
28/10/2019 03:44:54 p. m.: Loading file into memory
28/10/2019 03:44:54 p. m.: Decoding file
28/10/2019 03:44:55 p. m.: companies_translate.txt file is missing
28/10/2019 03:45:02 p. m.: Loading file into memory
28/10/2019 03:45:02 p. m.: Decoding file
28/10/2019 03:45:02 p. m.: Loading file into memory
28/10/2019 03:45:02 p. m.: Decoding file
28/10/2019 03:45:14 p. m.: Loading file into memory
28/10/2019 03:45:14 p. m.: Decoding file
28/10/2019 03:45:14 p. m.: Loading file into memory
28/10/2019 03:45:14 p. m.: Decoding file
28/10/2019 03:45:15 p. m.: companies_translate.txt file is missing
28/10/2019 03:45:19 p. m.: Loading file into memory
28/10/2019 03:45:19 p. m.: Decoding file
28/10/2019 03:45:19 p. m.: Loading file into memory
28/10/2019 03:45:19 p. m.: Decoding file
28/10/2019 03:46:46 p. m.: Loading file into memory
28/10/2019 03:46:46 p. m.: Decoding file
28/10/2019 03:46:46 p. m.: Loading file into memory
28/10/2019 03:46:46 p. m.: Decoding file
28/10/2019 03:46:47 p. m.: companies_translate.txt file is missing
28/10/2019 03:47:00 p. m.: Loading file into memory
28/10/2019 03:47:00 p. m.: Decoding file
28/10/2019 03:47:00 p. m.: Loading file into memory
28/10/2019 03:47:00 p. m.: Decoding file
28/10/2019 03:47:18 p. m.: Loading file into memory
28/10/2019 03:47:18 p. m.: Decoding file
28/10/2019 03:47:18 p. m.: Loading file into memory
28/10/2019 03:47:18 p. m.: Decoding file
28/10/2019 03:47:18 p. m.: companies_translate.txt file is missing
28/10/2019 03:47:21 p. m.: Loading file into memory
28/10/2019 03:47:21 p. m.: Decoding file
28/10/2019 03:47:21 p. m.: Loading file into memory
28/10/2019 03:47:21 p. m.: Decoding file
28/10/2019 03:47:57 p. m.: Loading file into memory
28/10/2019 03:47:57 p. m.: Decoding file
28/10/2019 03:47:57 p. m.: Loading file into memory
28/10/2019 03:47:57 p. m.: Decoding file
28/10/2019 03:47:57 p. m.: companies_translate.txt file is missing
28/10/2019 03:48:00 p. m.: Loading file into memory
28/10/2019 03:48:00 p. m.: Decoding file
28/10/2019 03:48:00 p. m.: Loading file into memory
28/10/2019 03:48:00 p. m.: Decoding file
28/10/2019 03:49:02 p. m.: Loading file into memory
28/10/2019 03:49:02 p. m.: Decoding file
28/10/2019 03:49:02 p. m.: Loading file into memory
28/10/2019 03:49:02 p. m.: Decoding file
28/10/2019 03:49:03 p. m.: companies_translate.txt file is missing
28/10/2019 03:49:08 p. m.: Loading file into memory
28/10/2019 03:49:08 p. m.: Decoding file
28/10/2019 03:49:08 p. m.: Loading file into memory
28/10/2019 03:49:08 p. m.: Decoding file
28/10/2019 03:49:49 p. m.: Loading file into memory
28/10/2019 03:49:49 p. m.: Decoding file
28/10/2019 03:49:49 p. m.: Loading file into memory
28/10/2019 03:49:49 p. m.: Decoding file
28/10/2019 03:49:49 p. m.: companies_translate.txt file is missing
28/10/2019 03:49:54 p. m.: Loading file into memory
28/10/2019 03:49:54 p. m.: Decoding file
28/10/2019 03:49:54 p. m.: Loading file into memory
28/10/2019 03:49:54 p. m.: Decoding file
28/10/2019 03:50:27 p. m.: Loading file into memory
28/10/2019 03:50:27 p. m.: Decoding file
28/10/2019 03:50:27 p. m.: Loading file into memory
28/10/2019 03:50:27 p. m.: Decoding file
28/10/2019 03:50:28 p. m.: companies_translate.txt file is missing
28/10/2019 03:50:29 p. m.: Loading file into memory
28/10/2019 03:50:29 p. m.: Decoding file
28/10/2019 03:50:29 p. m.: Loading file into memory
28/10/2019 03:50:29 p. m.: Decoding file
28/10/2019 03:51:07 p. m.: Loading file into memory
28/10/2019 03:51:07 p. m.: Decoding file
28/10/2019 03:51:07 p. m.: Loading file into memory
28/10/2019 03:51:07 p. m.: Decoding file
28/10/2019 03:51:08 p. m.: companies_translate.txt file is missing
28/10/2019 03:51:10 p. m.: Loading file into memory
28/10/2019 03:51:10 p. m.: Decoding file
28/10/2019 03:51:10 p. m.: Loading file into memory
28/10/2019 03:51:10 p. m.: Decoding file
28/10/2019 03:55:43 p. m.: Loading file into memory
28/10/2019 03:55:43 p. m.: Decoding file
28/10/2019 03:55:43 p. m.: Loading file into memory
28/10/2019 03:55:43 p. m.: Decoding file
28/10/2019 03:55:44 p. m.: companies_translate.txt file is missing
28/10/2019 03:55:47 p. m.: Loading file into memory
28/10/2019 03:55:47 p. m.: Decoding file
28/10/2019 03:55:47 p. m.: Loading file into memory
28/10/2019 03:55:47 p. m.: Decoding file
28/10/2019 04:02:18 p. m.: Loading file into memory
28/10/2019 04:02:18 p. m.: Decoding file
28/10/2019 04:02:18 p. m.: Loading file into memory
28/10/2019 04:02:18 p. m.: Decoding file
28/10/2019 04:02:19 p. m.: companies_translate.txt file is missing
28/10/2019 04:02:21 p. m.: Loading file into memory
28/10/2019 04:02:21 p. m.: Decoding file
28/10/2019 04:02:21 p. m.: Loading file into memory
28/10/2019 04:02:21 p. m.: Decoding file
28/10/2019 05:39:23 p. m.: Loading file into memory
28/10/2019 05:39:24 p. m.: Decoding file
28/10/2019 05:39:24 p. m.: Loading file into memory
28/10/2019 05:39:24 p. m.: Decoding file
28/10/2019 05:39:24 p. m.: Loading file into memory
28/10/2019 05:39:24 p. m.: Decoding file
28/10/2019 05:39:25 p. m.: companies_translate.txt file is missing
28/10/2019 05:39:30 p. m.: Loading file into memory
28/10/2019 05:39:30 p. m.: Decoding file
28/10/2019 05:39:30 p. m.: Loading file into memory
28/10/2019 05:39:30 p. m.: Decoding file
28/10/2019 05:39:30 p. m.: Loading file into memory
28/10/2019 05:39:30 p. m.: Decoding file
28/10/2019 05:39:31 p. m.: Loading file into memory
28/10/2019 05:39:31 p. m.: Decoding file
28/10/2019 05:39:31 p. m.: Loading file into memory
28/10/2019 05:39:31 p. m.: Decoding file
28/10/2019 05:39:31 p. m.: Loading file into memory
28/10/2019 05:39:31 p. m.: Decoding file
28/10/2019 05:39:38 p. m.: Loading file into memory
28/10/2019 05:39:38 p. m.: Decoding file
28/10/2019 05:39:38 p. m.: Loading file into memory
28/10/2019 05:39:38 p. m.: Decoding file
28/10/2019 05:39:39 p. m.: Loading file into memory
28/10/2019 05:39:39 p. m.: Decoding file
28/10/2019 05:40:00 p. m.: Loading file into memory
28/10/2019 05:40:00 p. m.: Decoding file
28/10/2019 05:40:01 p. m.: Loading file into memory
28/10/2019 05:40:01 p. m.: Decoding file
28/10/2019 05:40:01 p. m.: Loading file into memory
28/10/2019 05:40:01 p. m.: Decoding file
28/10/2019 05:40:03 p. m.: Loading file into memory
28/10/2019 05:40:03 p. m.: Decoding file
28/10/2019 05:40:03 p. m.: Loading file into memory
28/10/2019 05:40:03 p. m.: Decoding file
28/10/2019 05:40:03 p. m.: Loading file into memory
28/10/2019 05:40:03 p. m.: Decoding file
28/10/2019 06:18:50 p. m.: Loading file into memory
28/10/2019 06:18:50 p. m.: Decoding file
28/10/2019 06:18:50 p. m.: Loading file into memory
28/10/2019 06:18:50 p. m.: Decoding file
28/10/2019 06:18:50 p. m.: Loading file into memory
28/10/2019 06:18:50 p. m.: Decoding file
28/10/2019 06:18:51 p. m.: companies_translate.txt file is missing
28/10/2019 06:18:53 p. m.: Loading file into memory
28/10/2019 06:18:53 p. m.: Decoding file
28/10/2019 06:18:53 p. m.: Loading file into memory
28/10/2019 06:18:53 p. m.: Decoding file
28/10/2019 06:18:53 p. m.: Loading file into memory
28/10/2019 06:18:53 p. m.: Decoding file
28/10/2019 10:20:37 p. m.: Loading file into memory
28/10/2019 10:20:38 p. m.: Decoding file
28/10/2019 10:20:39 p. m.: companies_translate.txt file is missing
28/10/2019 10:20:43 p. m.: Loading file into memory
28/10/2019 10:20:43 p. m.: Decoding file
28/10/2019 10:28:05 p. m.: Loading file into memory
28/10/2019 10:28:05 p. m.: Decoding file
28/10/2019 10:28:06 p. m.: companies_translate.txt file is missing
28/10/2019 10:28:07 p. m.: Loading file into memory
28/10/2019 10:28:07 p. m.: Decoding file
29/10/2019 03:37:17 p. m.: Loading file into memory
29/10/2019 03:37:17 p. m.: Decoding file
29/10/2019 03:37:18 p. m.: countries_translate.txt file is missing
29/10/2019 03:37:18 p. m.: cities_translate.txt file is missing
29/10/2019 03:37:18 p. m.: companies_translate.txt file is missing
29/10/2019 03:37:18 p. m.: cargo_translate.txt file is missing
29/10/2019 03:37:18 p. m.: urgency_translate.txt file is missing
29/10/2019 03:37:20 p. m.: Loading file into memory
29/10/2019 03:37:20 p. m.: Decoding file
01/11/2019 11:55:46 a. m.: Loading file into memory
01/11/2019 11:55:46 a. m.: Decoding file
01/11/2019 11:55:46 a. m.: countries_translate.txt file is missing
01/11/2019 11:55:46 a. m.: cities_translate.txt file is missing
01/11/2019 11:55:46 a. m.: companies_translate.txt file is missing
01/11/2019 11:55:46 a. m.: cargo_translate.txt file is missing
01/11/2019 11:55:46 a. m.: urgency_translate.txt file is missing
01/11/2019 11:55:48 a. m.: Loading file into memory
01/11/2019 11:55:48 a. m.: Decoding file
01/11/2019 07:14:01 p. m.: Loading file into memory
01/11/2019 07:14:01 p. m.: Decoding file
01/11/2019 07:14:02 p. m.: countries_translate.txt file is missing
01/11/2019 07:14:02 p. m.: cities_translate.txt file is missing
01/11/2019 07:14:02 p. m.: companies_translate.txt file is missing
01/11/2019 07:14:02 p. m.: cargo_translate.txt file is missing
01/11/2019 07:14:02 p. m.: urgency_translate.txt file is missing
01/11/2019 07:14:05 p. m.: Loading file into memory
01/11/2019 07:14:05 p. m.: Decoding file
01/11/2019 07:14:06 p. m.: Loading file into memory
01/11/2019 07:14:06 p. m.: Decoding file
01/11/2019 07:14:06 p. m.: Loading file into memory
01/11/2019 07:14:06 p. m.: Decoding file
01/11/2019 07:14:06 p. m.: Loading file into memory
01/11/2019 07:14:06 p. m.: Decoding file
01/11/2019 07:14:06 p. m.: Loading file into memory
01/11/2019 07:14:06 p. m.: Decoding file
01/11/2019 07:14:07 p. m.: Loading file into memory
01/11/2019 07:14:07 p. m.: Backing up file to: C:\Users\José Carlos\Documents\American Truck Simulator\profiles\6A6F7365\save\4\game_backup.sii
01/11/2019 07:14:08 p. m.: Working on C:\Users\José Carlos\Documents\American Truck Simulator\profiles\6A6F7365\save\4 save file
01/11/2019 07:14:09 p. m.: Loading file into memory
01/11/2019 07:14:09 p. m.: Decoding file
01/11/2019 07:14:09 p. m.: Loading file into memory
01/11/2019 07:14:09 p. m.: Decoding file
01/11/2019 07:14:09 p. m.: Loaded 20 entries from Dependencies table.
01/11/2019 07:14:09 p. m.: Loading file into memory
01/11/2019 07:14:09 p. m.: Prepare started
01/11/2019 07:14:10 p. m.: Loaded 92 entries from CitysTable table.
01/11/2019 07:14:10 p. m.: Loaded 66 entries from CompaniesTable table.
01/11/2019 07:14:10 p. m.: Loaded 20 entries from TrucksTable table.
01/11/2019 07:14:12 p. m.: Paths checked 1122
01/11/2019 07:14:12 p. m.: Loaded 2259 routes from DataBase
01/11/2019 07:14:13 p. m.: Prepare ended
01/11/2019 07:14:13 p. m.: Successfully completed work with C:\Users\José Carlos\Documents\American Truck Simulator\profiles\6A6F7365\save\4 save file
01/11/2019 07:17:13 p. m.: Loading file into memory
01/11/2019 07:17:13 p. m.: Decoding file
01/11/2019 07:17:14 p. m.: countries_translate.txt file is missing
01/11/2019 07:17:14 p. m.: cities_translate.txt file is missing
01/11/2019 07:17:14 p. m.: companies_translate.txt file is missing
01/11/2019 07:17:14 p. m.: cargo_translate.txt file is missing
01/11/2019 07:17:14 p. m.: urgency_translate.txt file is missing
01/11/2019 07:17:16 p. m.: Loading file into memory
01/11/2019 07:17:16 p. m.: Decoding file
01/11/2019 07:17:17 p. m.: Loading file into memory
01/11/2019 07:17:17 p. m.: Decoding file
01/11/2019 07:17:17 p. m.: Loading file into memory
01/11/2019 07:17:17 p. m.: Decoding file
01/11/2019 07:17:17 p. m.: Loading file into memory
01/11/2019 07:17:17 p. m.: Decoding file
01/11/2019 07:17:17 p. m.: Loading file into memory
01/11/2019 07:17:17 p. m.: Decoding file
01/11/2019 07:17:18 p. m.: Loading file into memory
01/11/2019 07:17:18 p. m.: Decoding file
01/11/2019 07:17:18 p. m.: Backing up file to: C:\Users\José Carlos\Documents\American Truck Simulator\profiles\6A6F7365\save\4\game_backup.sii
01/11/2019 07:17:20 p. m.: Working on C:\Users\José Carlos\Documents\American Truck Simulator\profiles\6A6F7365\save\4 save file
01/11/2019 07:17:20 p. m.: Loading file into memory
01/11/2019 07:17:20 p. m.: Decoding file
01/11/2019 07:17:20 p. m.: Loading file into memory
01/11/2019 07:17:20 p. m.: Decoding file
01/11/2019 07:17:20 p. m.: Loaded 20 entries from Dependencies table.
01/11/2019 07:17:20 p. m.: Loading file into memory
01/11/2019 07:17:20 p. m.: Prepare started
01/11/2019 07:17:21 p. m.: Loaded 92 entries from CitysTable table.
01/11/2019 07:17:21 p. m.: Loaded 66 entries from CompaniesTable table.
01/11/2019 07:17:21 p. m.: Loaded 20 entries from TrucksTable table.
01/11/2019 07:17:22 p. m.: Paths checked 1122
01/11/2019 07:17:23 p. m.: Loaded 2259 routes from DataBase
01/11/2019 07:17:23 p. m.: Prepare ended
01/11/2019 07:17:23 p. m.: Successfully completed work with C:\Users\José Carlos\Documents\American Truck Simulator\profiles\6A6F7365\save\4 save file
01/11/2019 07:19:51 p. m.: Loading file into memory
01/11/2019 07:19:51 p. m.: Decoding file
01/11/2019 07:19:51 p. m.: Loading file into memory
01/11/2019 07:19:51 p. m.: Decoding file
01/11/2019 07:19:51 p. m.: Loading file into memory
01/11/2019 07:19:51 p. m.: Decoding file
01/11/2019 07:19:52 p. m.: Loading file into memory
01/11/2019 07:19:52 p. m.: Decoding file
01/11/2019 07:19:52 p. m.: Loading file into memory
01/11/2019 07:19:52 p. m.: Decoding file
01/11/2019 07:19:52 p. m.: Backing up file to: C:\Users\José Carlos\Documents\American Truck Simulator\profiles\6A6F7365\save\4\game_backup.sii
01/11/2019 07:19:53 p. m.: Working on C:\Users\José Carlos\Documents\American Truck Simulator\profiles\6A6F7365\save\4 save file
01/11/2019 07:19:53 p. m.: Loading file into memory
01/11/2019 07:19:53 p. m.: Decoding file
01/11/2019 07:19:53 p. m.: Loading file into memory
01/11/2019 07:19:53 p. m.: Decoding file
01/11/2019 07:19:54 p. m.: Loaded 20 entries from Dependencies table.
01/11/2019 07:19:54 p. m.: Loading file into memory
01/11/2019 07:19:54 p. m.: Prepare started
01/11/2019 07:19:54 p. m.: Loaded 92 entries from CitysTable table.
01/11/2019 07:19:54 p. m.: Loaded 66 entries from CompaniesTable table.
01/11/2019 07:19:54 p. m.: Loaded 20 entries from TrucksTable table.
01/11/2019 07:19:56 p. m.: Paths checked 1122
01/11/2019 07:19:56 p. m.: Loaded 2259 routes from DataBase
01/11/2019 07:19:56 p. m.: Prepare ended
01/11/2019 07:19:57 p. m.: Successfully completed work with C:\Users\José Carlos\Documents\American Truck Simulator\profiles\6A6F7365\save\4 save file
01/11/2019 07:20:13 p. m.: Backing up file to: C:\Users\José Carlos\Documents\American Truck Simulator\profiles\6A6F7365\save\4\game_backup.sii
01/11/2019 07:22:55 p. m.: Loading file into memory
01/11/2019 07:22:55 p. m.: Decoding file
01/11/2019 07:22:55 p. m.: Backing up file to: C:\Users\José Carlos\Documents\American Truck Simulator\profiles\6A6F7365\save\4\game_backup.sii
01/11/2019 07:22:55 p. m.: Working on C:\Users\José Carlos\Documents\American Truck Simulator\profiles\6A6F7365\save\4 save file
01/11/2019 07:22:55 p. m.: Loading file into memory
01/11/2019 07:22:55 p. m.: Decoding file
01/11/2019 07:22:55 p. m.: Loading file into memory
01/11/2019 07:22:55 p. m.: Decoding file
01/11/2019 07:22:55 p. m.: Loaded 20 entries from Dependencies table.
01/11/2019 07:22:55 p. m.: Loading file into memory
01/11/2019 07:22:55 p. m.: Prepare started
01/11/2019 07:22:56 p. m.: Loaded 92 entries from CitysTable table.
01/11/2019 07:22:56 p. m.: Loaded 66 entries from CompaniesTable table.
01/11/2019 07:22:56 p. m.: Loaded 20 entries from TrucksTable table.
01/11/2019 07:22:57 p. m.: Paths checked 1121
01/11/2019 07:22:58 p. m.: Loaded 2259 routes from DataBase
01/11/2019 07:22:58 p. m.: Prepare ended
01/11/2019 07:22:59 p. m.: Successfully completed work with C:\Users\José Carlos\Documents\American Truck Simulator\profiles\6A6F7365\save\4 save file
01/11/2019 07:23:15 p. m.: Backing up file to: C:\Users\José Carlos\Documents\American Truck Simulator\profiles\6A6F7365\save\4\game_backup.sii
01/11/2019 07:24:54 p. m.: Loading file into memory
01/11/2019 07:24:54 p. m.: Decoding file
01/11/2019 07:24:54 p. m.: Backing up file to: C:\Users\José Carlos\Documents\American Truck Simulator\profiles\6A6F7365\save\4\game_backup.sii
01/11/2019 07:24:56 p. m.: Working on C:\Users\José Carlos\Documents\American Truck Simulator\profiles\6A6F7365\save\4 save file
01/11/2019 07:24:56 p. m.: Loading file into memory
01/11/2019 07:24:56 p. m.: Decoding file
01/11/2019 07:24:56 p. m.: Loading file into memory
01/11/2019 07:24:56 p. m.: Decoding file
01/11/2019 07:24:56 p. m.: Loaded 20 entries from Dependencies table.
01/11/2019 07:24:56 p. m.: Loading file into memory
01/11/2019 07:24:56 p. m.: Prepare started
01/11/2019 07:24:57 p. m.: Loaded 92 entries from CitysTable table.
01/11/2019 07:24:57 p. m.: Loaded 66 entries from CompaniesTable table.
01/11/2019 07:24:57 p. m.: Loaded 20 entries from TrucksTable table.
01/11/2019 07:24:58 p. m.: Paths checked 1121
01/11/2019 07:24:58 p. m.: Loaded 2259 routes from DataBase
01/11/2019 07:24:58 p. m.: Prepare ended
01/11/2019 07:24:59 p. m.: Successfully completed work with C:\Users\José Carlos\Documents\American Truck Simulator\profiles\6A6F7365\save\4 save file
01/11/2019 07:25:06 p. m.: Backing up file to: C:\Users\José Carlos\Documents\American Truck Simulator\profiles\6A6F7365\save\4\game_backup.sii
01/11/2019 09:09:23 p. m.: Loading file into memory
01/11/2019 09:09:23 p. m.: Decoding file
01/11/2019 09:09:24 p. m.: countries_translate.txt file is missing
01/11/2019 09:09:24 p. m.: cities_translate.txt file is missing
01/11/2019 09:09:24 p. m.: companies_translate.txt file is missing
01/11/2019 09:09:24 p. m.: cargo_translate.txt file is missing
01/11/2019 09:09:24 p. m.: urgency_translate.txt file is missing
01/11/2019 09:09:54 p. m.: Loading file into memory
01/11/2019 09:09:54 p. m.: Decoding file
01/11/2019 09:11:47 p. m.: Loading file into memory
01/11/2019 09:11:47 p. m.: Decoding file
01/11/2019 09:11:47 p. m.: Loading file into memory
01/11/2019 09:11:47 p. m.: Decoding file
01/11/2019 09:11:47 p. m.: Loading file into memory
01/11/2019 09:11:47 p. m.: Decoding file
01/11/2019 09:11:47 p. m.: Loading file into memory
01/11/2019 09:11:47 p. m.: Decoding file
01/11/2019 09:11:48 p. m.: Loading file into memory
01/11/2019 09:11:48 p. m.: Decoding file
01/11/2019 09:11:48 p. m.: Backing up file to: C:\Users\José Carlos\Documents\American Truck Simulator\profiles\6A6F7365\save\4\game_backup.sii
01/11/2019 09:11:49 p. m.: Working on C:\Users\José Carlos\Documents\American Truck Simulator\profiles\6A6F7365\save\4 save file
01/11/2019 09:11:50 p. m.: Loading file into memory
01/11/2019 09:11:50 p. m.: Decoding file
01/11/2019 09:11:50 p. m.: Loading file into memory
01/11/2019 09:11:50 p. m.: Decoding file
01/11/2019 09:11:50 p. m.: Loaded 20 entries from Dependencies table.
01/11/2019 09:11:50 p. m.: Loading file into memory
01/11/2019 09:11:50 p. m.: Prepare started
01/11/2019 09:11:51 p. m.: Loaded 92 entries from CitysTable table.
01/11/2019 09:11:51 p. m.: Loaded 66 entries from CompaniesTable table.
01/11/2019 09:11:51 p. m.: Loaded 20 entries from TrucksTable table.
01/11/2019 09:11:52 p. m.: Paths checked 1119
01/11/2019 09:11:53 p. m.: Loaded 2259 routes from DataBase
01/11/2019 09:11:53 p. m.: Prepare ended
01/11/2019 09:11:54 p. m.: Successfully completed work with C:\Users\José Carlos\Documents\American Truck Simulator\profiles\6A6F7365\save\4 save file
01/11/2019 09:12:40 p. m.: Job from:El Centro | Sunshine Crops (Farm) To Aberdeen | Bitumen (Service)
-----------
Load of const_house of 1 units
In Normal trailer trailer_def.scs.gooseneck.single_32e.container with trailer.scs_gosck32 appearance
Urgency Standard
Minimum travel distance of 250 km in peterbilt_579_c
Job valid for 22049 minutes
-----------
01/11/2019 09:12:41 p. m.: Backing up file to: C:\Users\José Carlos\Documents\American Truck Simulator\profiles\6A6F7365\save\4\game_backup.sii
01/11/2019 09:25:51 p. m.: Config.cfg file not found or have wrong format
01/11/2019 09:25:52 p. m.: Loading file into memory
01/11/2019 09:25:52 p. m.: Decoding file
01/11/2019 09:25:53 p. m.: countries_translate.txt file is missing
01/11/2019 09:25:54 p. m.: cities_translate.txt file is missing
01/11/2019 09:25:54 p. m.: companies_translate.txt file is missing
01/11/2019 09:25:54 p. m.: cargo_translate.txt file is missing
01/11/2019 09:25:54 p. m.: urgency_translate.txt file is missing
01/11/2019 09:26:08 p. m.: Loading file into memory
01/11/2019 09:26:09 p. m.: Decoding file
01/11/2019 09:26:11 p. m.: Loading file into memory
01/11/2019 09:26:11 p. m.: Decoding file
01/11/2019 09:26:11 p. m.: Loading file into memory
01/11/2019 09:26:11 p. m.: Decoding file
01/11/2019 09:26:11 p. m.: Loading file into memory
01/11/2019 09:26:11 p. m.: Decoding file
01/11/2019 09:26:11 p. m.: Loading file into memory
01/11/2019 09:26:11 p. m.: Decoding file
01/11/2019 09:26:12 p. m.: Loading file into memory
01/11/2019 09:26:12 p. m.: Decoding file
01/11/2019 09:26:12 p. m.: Backing up file to: C:\Users\José Carlos\Documents\American Truck Simulator\profiles\6A6F7365\save\quicksave\game_backup.sii
01/11/2019 09:26:14 p. m.: Working on C:\Users\José Carlos\Documents\American Truck Simulator\profiles\6A6F7365\save\quicksave save file
01/11/2019 09:26:14 p. m.: Loading file into memory
01/11/2019 09:26:14 p. m.: Decoding file
01/11/2019 09:26:14 p. m.: Loading file into memory
01/11/2019 09:26:15 p. m.: Decoding file
01/11/2019 09:26:15 p. m.: Loaded 20 entries from Dependencies table.
01/11/2019 09:26:15 p. m.: Loading file into memory
01/11/2019 09:26:15 p. m.: Prepare started
01/11/2019 09:26:16 p. m.: Loaded 92 entries from CitysTable table.
01/11/2019 09:26:16 p. m.: Loaded 66 entries from CompaniesTable table.
01/11/2019 09:26:16 p. m.: Loaded 20 entries from TrucksTable table.
01/11/2019 09:26:17 p. m.: Paths checked 1119
01/11/2019 09:26:18 p. m.: Loaded 3093 routes from DataBase
01/11/2019 09:26:18 p. m.: Prepare ended
01/11/2019 09:26:18 p. m.: Successfully completed work with C:\Users\José Carlos\Documents\American Truck Simulator\profiles\6A6F7365\save\quicksave save file
01/11/2019 09:26:46 p. m.: Job from:El Centro | Sunshine Crops (Farm) To Yuma | Eddy's
-----------
Load of lumber of 54 units
In Normal trailer trailer_def.scs.flatbed.rm_double.flatbed with trailer.scs_flat_rm2 appearance
Urgency Standard
Minimum travel distance of 11111 km in kenworth_t680_c
Job valid for 40290 minutes
-----------
01/11/2019 09:26:48 p. m.: Backing up file to: C:\Users\José Carlos\Documents\American Truck Simulator\profiles\6A6F7365\save\quicksave\game_backup.sii
01/11/2019 09:27:48 p. m.: Loading file into memory
01/11/2019 09:27:48 p. m.: Decoding file
01/11/2019 09:27:48 p. m.: Loading file into memory
01/11/2019 09:27:48 p. m.: Decoding file
01/11/2019 09:27:48 p. m.: Loading file into memory
01/11/2019 09:27:48 p. m.: Decoding file
01/11/2019 09:27:48 p. m.: Loading file into memory
01/11/2019 09:27:48 p. m.: Decoding file
01/11/2019 09:27:49 p. m.: Loading file into memory
01/11/2019 09:27:49 p. m.: Decoding file
01/11/2019 09:27:49 p. m.: Backing up file to: C:\Users\José Carlos\Documents\American Truck Simulator\profiles\6A6F7365\save\4\game_backup.sii
01/11/2019 09:27:50 p. m.: Working on C:\Users\José Carlos\Documents\American Truck Simulator\profiles\6A6F7365\save\4 save file
01/11/2019 09:27:50 p. m.: Loading file into memory
01/11/2019 09:27:50 p. m.: Decoding file
01/11/2019 09:27:50 p. m.: Loading file into memory
01/11/2019 09:27:50 p. m.: Decoding file
01/11/2019 09:27:50 p. m.: Loaded 20 entries from Dependencies table.
01/11/2019 09:27:50 p. m.: Loading file into memory
01/11/2019 09:27:50 p. m.: Prepare started
01/11/2019 09:27:51 p. m.: Loaded 92 entries from CitysTable table.
01/11/2019 09:27:51 p. m.: Loaded 66 entries from CompaniesTable table.
01/11/2019 09:27:51 p. m.: Loaded 20 entries from TrucksTable table.
01/11/2019 09:27:53 p. m.: Paths checked 1157
01/11/2019 09:27:53 p. m.: Loaded 4166 routes from DataBase
01/11/2019 09:27:53 p. m.: Prepare ended
01/11/2019 09:27:54 p. m.: Successfully completed work with C:\Users\José Carlos\Documents\American Truck Simulator\profiles\6A6F7365\save\4 save file
01/11/2019 09:28:15 p. m.: Job from:El Centro | Sunshine Crops (Farm) To Yuma | Eddy's
-----------
Load of aircraft_eng of 2 units
In Normal trailer trailer_def.scs.flatbed.single_45r.flatbed with trailer.scs_flat45r appearance
Urgency Standard
Minimum travel distance of 11111 km in kenworth_t680_b
Job valid for 38232 minutes
-----------
01/11/2019 09:28:16 p. m.: Backing up file to: C:\Users\José Carlos\Documents\American Truck Simulator\profiles\6A6F7365\save\4\game_backup.sii
01/11/2019 09:41:45 p. m.: Loading file into memory
01/11/2019 09:41:45 p. m.: Decoding file
01/11/2019 09:41:45 p. m.: Backing up file to: C:\Users\José Carlos\Documents\American Truck Simulator\profiles\6A6F7365\save\4\game_backup.sii
01/11/2019 09:41:47 p. m.: Loading file into memory
01/11/2019 09:41:47 p. m.: Decoding file
01/11/2019 09:41:47 p. m.: Loading file into memory
01/11/2019 09:41:47 p. m.: Decoding file
01/11/2019 09:41:47 p. m.: Loading file into memory
01/11/2019 09:41:47 p. m.: Decoding file
01/11/2019 09:41:47 p. m.: Loading file into memory
01/11/2019 09:41:47 p. m.: Decoding file
01/11/2019 09:41:47 p. m.: Loading file into memory
01/11/2019 09:41:47 p. m.: Decoding file
01/11/2019 09:41:47 p. m.: Loading file into memory
01/11/2019 09:41:47 p. m.: Decoding file
01/11/2019 09:41:47 p. m.: Loading file into memory
01/11/2019 09:41:47 p. m.: Decoding file
01/11/2019 09:41:47 p. m.: Loading file into memory
01/11/2019 09:41:47 p. m.: Decoding file
01/11/2019 09:41:47 p. m.: Loading file into memory
01/11/2019 09:41:47 p. m.: Decoding file
01/11/2019 09:41:47 p. m.: Loading file into memory
01/11/2019 09:41:47 p. m.: Decoding file
01/11/2019 09:41:47 p. m.: Loading file into memory
01/11/2019 09:41:47 p. m.: Decoding file
01/11/2019 09:41:47 p. m.: Loading file into memory
01/11/2019 09:41:47 p. m.: Decoding file
01/11/2019 09:41:47 p. m.: Loading file into memory
01/11/2019 09:41:47 p. m.: Decoding file
01/11/2019 09:41:47 p. m.: Loading file into memory
01/11/2019 09:41:47 p. m.: Decoding file
01/11/2019 09:41:47 p. m.: Loading file into memory
01/11/2019 09:41:47 p. m.: Decoding file
01/11/2019 09:41:47 p. m.: Loading file into memory
01/11/2019 09:41:47 p. m.: Decoding file
01/11/2019 09:41:48 p. m.: Loading file into memory
01/11/2019 09:41:48 p. m.: Decoding file
01/11/2019 09:41:48 p. m.: Loading file into memory
01/11/2019 09:41:48 p. m.: Decoding file
01/11/2019 09:41:48 p. m.: Loading file into memory
01/11/2019 09:41:48 p. m.: Decoding file
01/11/2019 09:41:48 p. m.: Loading file into memory
01/11/2019 09:41:48 p. m.: Decoding file
01/11/2019 09:41:48 p. m.: Loading file into memory
01/11/2019 09:41:48 p. m.: Decoding file
01/11/2019 09:41:48 p. m.: Loading file into memory
01/11/2019 09:41:48 p. m.: Decoding file
01/11/2019 09:41:48 p. m.: Loading file into memory
01/11/2019 09:41:48 p. m.: Decoding file
01/11/2019 09:41:48 p. m.: Loading file into memory
01/11/2019 09:41:48 p. m.: Decoding file
01/11/2019 09:41:48 p. m.: Loading file into memory
01/11/2019 09:41:48 p. m.: Decoding file
01/11/2019 09:41:48 p. m.: Loading file into memory
01/11/2019 09:41:48 p. m.: Decoding file
01/11/2019 09:41:48 p. m.: Loading file into memory
01/11/2019 09:41:48 p. m.: Decoding file
01/11/2019 09:41:48 p. m.: Loading file into memory
01/11/2019 09:41:48 p. m.: Decoding file
01/11/2019 09:41:49 p. m.: Loading file into memory
01/11/2019 09:41:49 p. m.: Backing up file to: C:\Users\José Carlos\Documents\American Truck Simulator\profiles\6A6F7365\save\4\game_backup.sii
01/11/2019 09:41:49 p. m.: Working on C:\Users\José Carlos\Documents\American Truck Simulator\profiles\6A6F7365\save\4 save file
01/11/2019 09:41:49 p. m.: Loading file into memory
01/11/2019 09:41:49 p. m.: Decoding file
01/11/2019 09:41:49 p. m.: Loading file into memory
01/11/2019 09:41:49 p. m.: Decoding file
01/11/2019 09:41:49 p. m.: Loaded 20 entries from Dependencies table.
01/11/2019 09:41:49 p. m.: Loading file into memory
01/11/2019 09:41:49 p. m.: Prepare started
01/11/2019 09:41:50 p. m.: Loaded 92 entries from CitysTable table.
01/11/2019 09:41:50 p. m.: Loaded 66 entries from CompaniesTable table.
01/11/2019 09:41:50 p. m.: Loaded 20 entries from TrucksTable table.
01/11/2019 09:41:52 p. m.: Paths checked 1136
01/11/2019 09:41:52 p. m.: Loaded 5194 routes from DataBase
01/11/2019 09:41:52 p. m.: Prepare ended
01/11/2019 09:41:53 p. m.: Successfully completed work with C:\Users\José Carlos\Documents\American Truck Simulator\profiles\6A6F7365\save\4 save file
01/11/2019 09:42:08 p. m.: Job from:El Centro | Sunshine Crops (Farm) To El Centro | Sunshine Crops (Farm)
-----------
Load of diesel of 100 units
In Normal trailer trailer_def.diesel.fuel with trailer.fuel appearance
Urgency Standard
Minimum travel distance of 1 km in kenworth_w900_c
Job valid for 40055 minutes
-----------
01/11/2019 09:42:09 p. m.: Backing up file to: C:\Users\José Carlos\Documents\American Truck Simulator\profiles\6A6F7365\save\4\game_backup.sii
01/11/2019 09:44:16 p. m.: Loading file into memory
01/11/2019 09:44:16 p. m.: Decoding file
01/11/2019 09:44:16 p. m.: Loading file into memory
01/11/2019 09:44:16 p. m.: Decoding file
01/11/2019 09:44:16 p. m.: Loading file into memory
01/11/2019 09:44:16 p. m.: Decoding file
01/11/2019 09:44:16 p. m.: Loading file into memory
01/11/2019 09:44:16 p. m.: Decoding file
01/11/2019 09:44:16 p. m.: Loading file into memory
01/11/2019 09:44:16 p. m.: Decoding file
01/11/2019 09:44:16 p. m.: Loading file into memory
01/11/2019 09:44:16 p. m.: Decoding file
01/11/2019 09:44:16 p. m.: Loading file into memory
01/11/2019 09:44:16 p. m.: Decoding file
01/11/2019 09:44:16 p. m.: Loading file into memory
01/11/2019 09:44:16 p. m.: Decoding file
01/11/2019 09:44:16 p. m.: Loading file into memory
01/11/2019 09:44:16 p. m.: Decoding file
01/11/2019 09:44:16 p. m.: Loading file into memory
01/11/2019 09:44:16 p. m.: Decoding file
01/11/2019 09:44:16 p. m.: Loading file into memory
01/11/2019 09:44:16 p. m.: Decoding file
01/11/2019 09:44:16 p. m.: Loading file into memory
01/11/2019 09:44:17 p. m.: Decoding file
01/11/2019 09:44:17 p. m.: Loading file into memory
01/11/2019 09:44:17 p. m.: Decoding file
01/11/2019 09:44:17 p. m.: Loading file into memory
01/11/2019 09:44:17 p. m.: Decoding file
01/11/2019 09:44:17 p. m.: Loading file into memory
01/11/2019 09:44:17 p. m.: Decoding file
01/11/2019 09:44:17 p. m.: Loading file into memory
01/11/2019 09:44:17 p. m.: Decoding file
01/11/2019 09:44:17 p. m.: Loading file into memory
01/11/2019 09:44:17 p. m.: Decoding file
01/11/2019 09:44:17 p. m.: Loading file into memory
01/11/2019 09:44:17 p. m.: Decoding file
01/11/2019 09:44:17 p. m.: Loading file into memory
01/11/2019 09:44:17 p. m.: Decoding file
01/11/2019 09:44:17 p. m.: Loading file into memory
01/11/2019 09:44:17 p. m.: Decoding file
01/11/2019 09:44:17 p. m.: Loading file into memory
01/11/2019 09:44:17 p. m.: Decoding file
01/11/2019 09:44:17 p. m.: Loading file into memory
01/11/2019 09:44:17 p. m.: Decoding file
01/11/2019 09:44:17 p. m.: Loading file into memory
01/11/2019 09:44:17 p. m.: Decoding file
01/11/2019 09:44:17 p. m.: Loading file into memory
01/11/2019 09:44:17 p. m.: Decoding file
01/11/2019 09:44:18 p. m.: Loading file into memory
01/11/2019 09:44:18 p. m.: Decoding file
01/11/2019 09:44:18 p. m.: Loading file into memory
01/11/2019 09:44:18 p. m.: Decoding file
01/11/2019 09:44:18 p. m.: Loading file into memory
01/11/2019 09:44:18 p. m.: Decoding file
01/11/2019 09:44:18 p. m.: Loading file into memory
01/11/2019 09:44:18 p. m.: Decoding file
01/11/2019 09:44:18 p. m.: Loading file into memory
01/11/2019 09:44:18 p. m.: Decoding file
01/11/2019 09:44:18 p. m.: Loading file into memory
01/11/2019 09:44:18 p. m.: Decoding file
01/11/2019 09:44:18 p. m.: Loading file into memory
01/11/2019 09:44:18 p. m.: Decoding file
01/11/2019 09:44:18 p. m.: Loading file into memory
01/11/2019 09:44:18 p. m.: Decoding file
01/11/2019 09:44:18 p. m.: Loading file into memory
01/11/2019 09:44:18 p. m.: Decoding file
01/11/2019 09:44:18 p. m.: Loading file into memory
01/11/2019 09:44:18 p. m.: Decoding file
01/11/2019 09:44:18 p. m.: Loading file into memory
01/11/2019 09:44:18 p. m.: Decoding file
01/11/2019 09:44:18 p. m.: Loading file into memory
01/11/2019 09:44:18 p. m.: Decoding file
01/11/2019 09:44:20 p. m.: Loading file into memory
01/11/2019 09:44:20 p. m.: Decoding file
01/11/2019 09:44:20 p. m.: Loading file into memory
01/11/2019 09:44:20 p. m.: Decoding file
01/11/2019 09:44:20 p. m.: Loading file into memory
01/11/2019 09:44:20 p. m.: Decoding file
01/11/2019 09:44:20 p. m.: Loading file into memory
01/11/2019 09:44:20 p. m.: Decoding file
01/11/2019 09:44:23 p. m.: Loading file into memory
01/11/2019 09:44:23 p. m.: Backing up file to: C:\Users\José Carlos\Documents\American Truck Simulator\profiles\6A6F7365\save\4\game_backup.sii
01/11/2019 09:44:24 p. m.: Working on C:\Users\José Carlos\Documents\American Truck Simulator\profiles\6A6F7365\save\4 save file
01/11/2019 09:44:24 p. m.: Loading file into memory
01/11/2019 09:44:24 p. m.: Decoding file
01/11/2019 09:44:24 p. m.: Loading file into memory
01/11/2019 09:44:24 p. m.: Decoding file
01/11/2019 09:44:24 p. m.: Loaded 20 entries from Dependencies table.
01/11/2019 09:44:24 p. m.: Loading file into memory
01/11/2019 09:44:24 p. m.: Prepare started
01/11/2019 09:44:25 p. m.: Loaded 92 entries from CitysTable table.
01/11/2019 09:44:25 p. m.: Loaded 66 entries from CompaniesTable table.
01/11/2019 09:44:25 p. m.: Loaded 20 entries from TrucksTable table.
01/11/2019 09:44:26 p. m.: Paths checked 1137
01/11/2019 09:44:27 p. m.: Loaded 5195 routes from DataBase
01/11/2019 09:44:27 p. m.: Prepare ended
01/11/2019 09:44:27 p. m.: Successfully completed work with C:\Users\José Carlos\Documents\American Truck Simulator\profiles\6A6F7365\save\4 save file
01/11/2019 09:45:07 p. m.: Job from:El Centro | Sunshine Crops (Farm) To Aberdeen | Bitumen (Service)
-----------
Load of cars_small of 100 units
In Normal trailer trailer_def.cars_small.car_r.cargo_tesla with trailer.car_r.cargo_tesla appearance
Urgency Standard
Minimum travel distance of 11111 km in kenworth_t680_b
Job valid for 42450 minutes
-----------
01/11/2019 09:45:09 p. m.: Backing up file to: C:\Users\José Carlos\Documents\American Truck Simulator\profiles\6A6F7365\save\4\game_backup.sii
01/11/2019 09:48:40 p. m.: Loading file into memory
01/11/2019 09:48:41 p. m.: Decoding file
01/11/2019 09:48:42 p. m.: countries_translate.txt file is missing
01/11/2019 09:48:43 p. m.: cities_translate.txt file is missing
01/11/2019 09:48:43 p. m.: companies_translate.txt file is missing
01/11/2019 09:48:43 p. m.: cargo_translate.txt file is missing
01/11/2019 09:48:43 p. m.: urgency_translate.txt file is missing
01/11/2019 09:48:45 p. m.: Loading file into memory
01/11/2019 09:48:45 p. m.: Decoding file
01/11/2019 09:48:48 p. m.: Loading file into memory
01/11/2019 09:48:48 p. m.: Backing up file to: C:\Users\José Carlos\Documents\Euro Truck Simulator 2\profiles\6372617368656F73204D50\save\autosave\game_backup.sii
01/11/2019 09:48:49 p. m.: Loading file into memory
01/11/2019 09:48:49 p. m.: Decoding file
01/11/2019 09:48:49 p. m.: Loading file into memory
01/11/2019 09:48:49 p. m.: Decoding file
01/11/2019 09:48:49 p. m.: Loading file into memory
01/11/2019 09:48:49 p. m.: Decoding file
01/11/2019 09:48:49 p. m.: Loading file into memory
01/11/2019 09:48:49 p. m.: Decoding file
01/11/2019 09:48:50 p. m.: Loading file into memory
01/11/2019 09:48:50 p. m.: Decoding file
01/11/2019 09:48:51 p. m.: Backing up file to: C:\Users\José Carlos\Documents\American Truck Simulator\profiles\6A6F7365\save\4\game_backup.sii
01/11/2019 09:48:52 p. m.: Working on C:\Users\José Carlos\Documents\American Truck Simulator\profiles\6A6F7365\save\4 save file
01/11/2019 09:48:53 p. m.: Loading file into memory
01/11/2019 09:48:53 p. m.: Decoding file
01/11/2019 09:48:53 p. m.: Loading file into memory
01/11/2019 09:48:53 p. m.: Decoding file
01/11/2019 09:48:53 p. m.: Loaded 20 entries from Dependencies table.
01/11/2019 09:48:53 p. m.: Loading file into memory
01/11/2019 09:48:53 p. m.: Prepare started
01/11/2019 09:48:54 p. m.: Loaded 92 entries from CitysTable table.
01/11/2019 09:48:54 p. m.: Loaded 66 entries from CompaniesTable table.
01/11/2019 09:48:54 p. m.: Loaded 20 entries from TrucksTable table.
01/11/2019 09:48:56 p. m.: Paths checked 1136
01/11/2019 09:48:56 p. m.: Loaded 5195 routes from DataBase
01/11/2019 09:48:56 p. m.: Prepare ended
01/11/2019 09:48:57 p. m.: Successfully completed work with C:\Users\José Carlos\Documents\American Truck Simulator\profiles\6A6F7365\save\4 save file
01/11/2019 09:49:21 p. m.: Job from:El Centro | Sunshine Crops (Farm) To Yuma | Eddy's
-----------
Load of milk of 100 units
In Normal trailer trailer_def.milk.food_tank with trailer.food_tank appearance
Urgency Standard
Minimum travel distance of 556661 km in kenworth_t680_b
Job valid for 360005331 minutes
-----------
01/11/2019 09:49:22 p. m.: Backing up file to: C:\Users\José Carlos\Documents\American Truck Simulator\profiles\6A6F7365\save\4\game_backup.sii
01/11/2019 09:52:31 p. m.: Config.cfg file not found or have wrong format
01/11/2019 09:52:31 p. m.: Loading file into memory
01/11/2019 09:52:31 p. m.: Decoding file
01/11/2019 09:52:34 p. m.: countries_translate.txt file is missing
01/11/2019 09:52:34 p. m.: cities_translate.txt file is missing
01/11/2019 09:52:34 p. m.: companies_translate.txt file is missing
01/11/2019 09:52:34 p. m.: cargo_translate.txt file is missing
01/11/2019 09:52:34 p. m.: urgency_translate.txt file is missing
01/11/2019 09:52:36 p. m.: Loading file into memory
01/11/2019 09:52:36 p. m.: Decoding file
01/11/2019 09:52:42 p. m.: Loading file into memory
01/11/2019 09:52:42 p. m.: Decoding file
01/11/2019 09:52:42 p. m.: Loading file into memory
01/11/2019 09:52:42 p. m.: Decoding file
01/11/2019 09:52:42 p. m.: Loading file into memory
01/11/2019 09:52:42 p. m.: Decoding file
01/11/2019 09:52:42 p. m.: Loading file into memory
01/11/2019 09:52:42 p. m.: Decoding file
01/11/2019 09:52:43 p. m.: Loading file into memory
01/11/2019 09:52:43 p. m.: Decoding file
01/11/2019 09:52:43 p. m.: Backing up file to: C:\Users\José Carlos\Documents\American Truck Simulator\profiles\6A6F7365\save\4\game_backup.sii
01/11/2019 09:52:57 p. m.: Working on C:\Users\José Carlos\Documents\American Truck Simulator\profiles\6A6F7365\save\4 save file
01/11/2019 09:52:57 p. m.: Loading file into memory
01/11/2019 09:52:58 p. m.: Decoding file
01/11/2019 09:52:58 p. m.: Loading file into memory
01/11/2019 09:52:58 p. m.: Decoding file
01/11/2019 09:52:58 p. m.: Loaded 20 entries from Dependencies table.
01/11/2019 09:53:04 p. m.: Loading file into memory
01/11/2019 09:53:04 p. m.: Prepare started
01/11/2019 09:53:05 p. m.: Loaded 92 entries from CitysTable table.
01/11/2019 09:53:05 p. m.: Loaded 66 entries from CompaniesTable table.
01/11/2019 09:53:05 p. m.: Loaded 20 entries from TrucksTable table.
01/11/2019 09:53:07 p. m.: Paths checked 1129
01/11/2019 09:53:07 p. m.: Loaded 6184 routes from DataBase
01/11/2019 09:53:07 p. m.: Prepare ended
01/11/2019 09:53:08 p. m.: Successfully completed work with C:\Users\José Carlos\Documents\American Truck Simulator\profiles\6A6F7365\save\4 save file
01/11/2019 09:53:53 p. m.: Job from:El Centro | Sunshine Crops (Farm) To Yuma | Eddy's
-----------
Load of const_house of 2 units
In Normal trailer trailer_def.scs.gooseneck.single_40e.container with trailer.scs_gosck40 appearance
Urgency Standard
Minimum travel distance of 11111 km in volvo_vnl_a
Job valid for 360001766 minutes
-----------
01/11/2019 09:53:54 p. m.: Backing up file to: C:\Users\José Carlos\Documents\American Truck Simulator\profiles\6A6F7365\save\4\game_backup.sii
01/11/2019 09:59:36 p. m.: Loading file into memory
01/11/2019 09:59:36 p. m.: Decoding file
01/11/2019 09:59:37 p. m.: Backing up file to: C:\Users\José Carlos\Documents\American Truck Simulator\profiles\6A6F7365\save\4\game_backup.sii
01/11/2019 09:59:38 p. m.: Working on C:\Users\José Carlos\Documents\American Truck Simulator\profiles\6A6F7365\save\4 save file
01/11/2019 09:59:38 p. m.: Loading file into memory
01/11/2019 09:59:38 p. m.: Decoding file
01/11/2019 09:59:38 p. m.: Loading file into memory
01/11/2019 09:59:38 p. m.: Decoding file
01/11/2019 09:59:38 p. m.: Loaded 22 entries from Dependencies table.
01/11/2019 09:59:43 p. m.: Loading file into memory
01/11/2019 09:59:43 p. m.: Prepare started
01/11/2019 09:59:43 p. m.: Loaded 92 entries from CitysTable table.
01/11/2019 09:59:43 p. m.: Loaded 66 entries from CompaniesTable table.
01/11/2019 09:59:44 p. m.: Loaded 20 entries from TrucksTable table.
01/11/2019 09:59:45 p. m.: Paths checked 1125
01/11/2019 09:59:45 p. m.: Loaded 6231 routes from DataBase
01/11/2019 09:59:45 p. m.: Prepare ended
01/11/2019 09:59:46 p. m.: Successfully completed work with C:\Users\José Carlos\Documents\American Truck Simulator\profiles\6A6F7365\save\4 save file
01/11/2019 09:59:56 p. m.: Job from:El Centro | Sunshine Crops (Farm) To Yuma | Eddy's
-----------
Load of stones of 90 units
In Normal trailer trailer_def.stones.bdump_pup_2 with trailer.bdump_pup_2 appearance
Urgency Standard
Minimum travel distance of 11111 km in volvo_vnl_a
Job valid for 360008576 minutes
-----------
01/11/2019 09:59:57 p. m.: Backing up file to: C:\Users\José Carlos\Documents\American Truck Simulator\profiles\6A6F7365\save\4\game_backup.sii
01/11/2019 10:02:07 p. m.: Loading file into memory
01/11/2019 10:02:07 p. m.: Decoding file
01/11/2019 10:02:07 p. m.: Loading file into memory
01/11/2019 10:02:07 p. m.: Decoding file
01/11/2019 10:02:07 p. m.: Loading file into memory
01/11/2019 10:02:07 p. m.: Decoding file
01/11/2019 10:02:07 p. m.: Loading file into memory
01/11/2019 10:02:07 p. m.: Decoding file
01/11/2019 10:02:08 p. m.: Loading file into memory
01/11/2019 10:02:08 p. m.: Decoding file
01/11/2019 10:02:08 p. m.: Backing up file to: C:\Users\José Carlos\Documents\American Truck Simulator\profiles\6A6F7365\save\4\game_backup.sii
01/11/2019 10:02:09 p. m.: Working on C:\Users\José Carlos\Documents\American Truck Simulator\profiles\6A6F7365\save\4 save file
01/11/2019 10:02:09 p. m.: Loading file into memory
01/11/2019 10:02:09 p. m.: Decoding file
01/11/2019 10:02:09 p. m.: Loading file into memory
01/11/2019 10:02:09 p. m.: Decoding file
01/11/2019 10:02:09 p. m.: Loaded 20 entries from Dependencies table.
01/11/2019 10:02:09 p. m.: Loading file into memory
01/11/2019 10:02:09 p. m.: Prepare started
01/11/2019 10:02:10 p. m.: Loaded 92 entries from CitysTable table.
01/11/2019 10:02:10 p. m.: Loaded 66 entries from CompaniesTable table.
01/11/2019 10:02:10 p. m.: Loaded 20 entries from TrucksTable table.
01/11/2019 10:02:11 p. m.: Paths checked 1126
01/11/2019 10:02:12 p. m.: Loaded 6337 routes from DataBase
01/11/2019 10:02:12 p. m.: Prepare ended
01/11/2019 10:02:12 p. m.: Successfully completed work with C:\Users\José Carlos\Documents\American Truck Simulator\profiles\6A6F7365\save\4 save file
01/11/2019 10:02:27 p. m.: Job from:El Centro | Sunshine Crops (Farm) To El Centro | Sunshine Crops (Farm)
-----------
Load of beverages of 13 units
In Normal trailer trailer_def.scs.box.single_28.insulated with trailer.scs_ins28 appearance
Urgency Standard
Minimum travel distance of 1 km in peterbilt_579_c
Job valid for 360001536 minutes
-----------
01/11/2019 10:02:29 p. m.: Backing up file to: C:\Users\José Carlos\Documents\American Truck Simulator\profiles\6A6F7365\save\4\game_backup.sii
01/11/2019 10:21:16 p. m.: Loading file into memory
01/11/2019 10:21:16 p. m.: Decoding file
01/11/2019 10:21:18 p. m.: countries_translate.txt file is missing
01/11/2019 10:21:18 p. m.: cities_translate.txt file is missing
01/11/2019 10:21:18 p. m.: companies_translate.txt file is missing
01/11/2019 10:21:18 p. m.: cargo_translate.txt file is missing
01/11/2019 10:21:18 p. m.: urgency_translate.txt file is missing
01/11/2019 10:21:25 p. m.: Loading file into memory
01/11/2019 10:21:25 p. m.: Decoding file
01/11/2019 10:21:57 p. m.: Config.cfg file not found or have wrong format
01/11/2019 10:21:57 p. m.: Loading file into memory
01/11/2019 10:21:57 p. m.: Decoding file
01/11/2019 10:21:57 p. m.: countries_translate.txt file is missing
01/11/2019 10:21:57 p. m.: cities_translate.txt file is missing
01/11/2019 10:21:57 p. m.: companies_translate.txt file is missing
01/11/2019 10:21:57 p. m.: cargo_translate.txt file is missing
01/11/2019 10:21:57 p. m.: urgency_translate.txt file is missing
01/11/2019 10:21:59 p. m.: Loading file into memory
01/11/2019 10:21:59 p. m.: Decoding file
02/11/2019 03:03:10 p. m.: Loading file into memory
02/11/2019 03:03:10 p. m.: Decoding file
02/11/2019 03:03:14 p. m.: countries_translate.txt file is missing
02/11/2019 03:03:14 p. m.: cities_translate.txt file is missing
02/11/2019 03:03:14 p. m.: companies_translate.txt file is missing
02/11/2019 03:03:14 p. m.: cargo_translate.txt file is missing
02/11/2019 03:03:14 p. m.: urgency_translate.txt file is missing
02/11/2019 03:03:16 p. m.: Loading file into memory
02/11/2019 03:03:16 p. m.: Decoding file
02/11/2019 04:59:02 p. m.: Config.cfg file not found or have wrong format
02/11/2019 04:59:02 p. m.: Loading file into memory
02/11/2019 04:59:02 p. m.: Decoding file
02/11/2019 04:59:05 p. m.: countries_translate.txt file is missing
02/11/2019 04:59:05 p. m.: cities_translate.txt file is missing
02/11/2019 04:59:06 p. m.: companies_translate.txt file is missing
02/11/2019 04:59:06 p. m.: cargo_translate.txt file is missing
02/11/2019 04:59:06 p. m.: urgency_translate.txt file is missing
02/11/2019 05:00:22 p. m.: Loading file into memory
02/11/2019 05:00:22 p. m.: Decoding file
